{"/home/runner/work/fsm_v_2/fsm_v_2/frontend/task-management/src/components/TaskCreationForm.css": {"path":"/home/runner/work/fsm_v_2/fsm_v_2/frontend/task-management/src/components/TaskCreationForm.css","statementMap":{},"fnMap":{},"branchMap":{},"s":{},"f":{},"b":{},"meta":{"lastBranch":0,"lastFunction":0,"lastStatement":0,"seen":{}}}
,"/home/runner/work/fsm_v_2/fsm_v_2/frontend/task-management/src/components/TaskCreationForm.jsx": {"path":"/home/runner/work/fsm_v_2/fsm_v_2/frontend/task-management/src/components/TaskCreationForm.jsx","statementMap":{"0":{"start":{"line":4,"column":25},"end":{"line":120,"column":null}},"1":{"start":{"line":5,"column":30},"end":{"line":11,"column":null}},"2":{"start":{"line":13,"column":23},"end":{"line":19,"column":null}},"3":{"start":{"line":14,"column":28},"end":{"line":14,"column":null}},"4":{"start":{"line":15,"column":4},"end":{"line":18,"column":null}},"5":{"start":{"line":15,"column":27},"end":{"line":18,"column":6}},"6":{"start":{"line":21,"column":23},"end":{"line":44,"column":null}},"7":{"start":{"line":22,"column":4},"end":{"line":22,"column":null}},"8":{"start":{"line":24,"column":4},"end":{"line":43,"column":null}},"9":{"start":{"line":25,"column":23},"end":{"line":34,"column":null}},"10":{"start":{"line":36,"column":6},"end":{"line":40,"column":null}},"11":{"start":{"line":37,"column":8},"end":{"line":37,"column":null}},"12":{"start":{"line":39,"column":8},"end":{"line":39,"column":null}},"13":{"start":{"line":42,"column":6},"end":{"line":42,"column":null}},"14":{"start":{"line":46,"column":2},"end":{"line":118,"column":null}}},"fnMap":{"0":{"name":"(anonymous_0)","decl":{"start":{"line":4,"column":25},"end":{"line":4,"column":31}},"loc":{"start":{"line":4,"column":31},"end":{"line":120,"column":null}},"line":4},"1":{"name":"(anonymous_1)","decl":{"start":{"line":13,"column":23},"end":{"line":13,"column":24}},"loc":{"start":{"line":13,"column":30},"end":{"line":19,"column":null}},"line":13},"2":{"name":"(anonymous_2)","decl":{"start":{"line":15,"column":16},"end":{"line":15,"column":17}},"loc":{"start":{"line":15,"column":27},"end":{"line":18,"column":6}},"line":15},"3":{"name":"(anonymous_3)","decl":{"start":{"line":21,"column":23},"end":{"line":21,"column":30}},"loc":{"start":{"line":21,"column":36},"end":{"line":44,"column":null}},"line":21}},"branchMap":{"0":{"loc":{"start":{"line":36,"column":6},"end":{"line":40,"column":null}},"type":"if","locations":[{"start":{"line":36,"column":6},"end":{"line":40,"column":null}},{"start":{"line":38,"column":13},"end":{"line":40,"column":null}}],"line":36}},"s":{"0":1,"1":152,"2":152,"3":140,"4":140,"5":140,"6":152,"7":4,"8":4,"9":4,"10":3,"11":2,"12":1,"13":1,"14":152},"f":{"0":152,"1":140,"2":140,"3":4},"b":{"0":[2,1]},"meta":{"lastBranch":1,"lastFunction":4,"lastStatement":15,"seen":{"s:4:25:120:Infinity":0,"f:4:25:4:31":0,"s:5:30:11:Infinity":1,"s:13:23:19:Infinity":2,"f:13:23:13:24":1,"s:14:28:14:Infinity":3,"s:15:4:18:Infinity":4,"f:15:16:15:17":2,"s:15:27:18:6":5,"s:21:23:44:Infinity":6,"f:21:23:21:30":3,"s:22:4:22:Infinity":7,"s:24:4:43:Infinity":8,"s:25:23:34:Infinity":9,"b:36:6:40:Infinity:38:13:40:Infinity":0,"s:36:6:40:Infinity":10,"s:37:8:37:Infinity":11,"s:39:8:39:Infinity":12,"s:42:6:42:Infinity":13,"s:46:2:118:Infinity":14}}}
}
